<?xml version="1.0" encoding="utf-8"?><testsuites name="pytest tests"><testsuite name="pytest" errors="0" failures="0" skipped="0" tests="12" time="5.285" timestamp="2026-09-10T20:44:45.554926+00:00" hostname="agent-env-31c5bcfa-5b41-4bca-b0ff-7b818af4fb9e"><testcase classname="tests.test_studiotally.TestSessionsREST" name="test_root" time="0.338" /><testcase classname="tests.test_studiotally.TestWebsocket" name="test_snapshot_on_connect" time="0.565" /><testcase classname="tests.test_studiotally.TestSessionsREST" name="test_create_session_returns_5char_code" time="0.205" /><testcase classname="tests.test_studiotally.TestSessionsREST" name="test_get_session_snapshot_ok" time="0.303" /><testcase classname="tests.test_studiotally.TestWebsocket" name="test_device_list_on_second_join" time="0.882" /><testcase classname="tests.test_studiotally.TestSessionsREST" name="test_get_session_unknown_404" time="0.168" /><testcase classname="tests.test_studiotally.TestSessionsREST" name="test_join_upserts_and_returns_devices" time="0.381" /><testcase classname="tests.test_studiotally.TestSessionsREST" name="test_set_state_updates_device" time="0.438" /><testcase classname="tests.test_studiotally.TestWebsocket" name="test_set_state_broadcasts" time="0.860" /><testcase classname="tests.test_studiotally.TestSessionsREST" name="test_alarm_returns_ok" time="0.241" /><testcase classname="tests.test_studiotally.TestWebsocket" name="test_alarm_targeted_delivery" time="2.397" /><testcase classname="tests.test_studiotally.TestWebsocket" name="test_ws_unknown_session_closes" time="0.226" /></testsuite></testsuites>